<?xml version="1.0" encoding="UTF-8"?>
<!-- Generated by org.testng.reporters.JUnitReportReporter -->
<testsuite hostname="lab-44-4" failures="0" tests="8" name="JUnitTest.BuildingTest" time="0.010" errors="0" timestamp="2023-01-26T14:36:54 CET" skipped="0">
  <testcase classname="JUnitTest.BuildingTest" name="testCalculateLight" time="0.000"/>
  <system-out/>
  <testcase classname="JUnitTest.BuildingTest" name="testCalculateVolume" time="0.001"/>
  <system-out/>
  <testcase classname="JUnitTest.BuildingTest" name="testCalculateHeating" time="0.000"/>
  <system-out/>
  <testcase classname="JUnitTest.BuildingTest" name="testCalculateHeatingRaw" time="0.001"/>
  <system-out/>
  <testcase classname="JUnitTest.BuildingTest" name="testCalculateArea" time="0.008"/>
  <system-out/>
  <testcase classname="JUnitTest.BuildingTest" name="testCalculateLightRaw" time="0.000"/>
  <system-out/>
  <testcase classname="JUnitTest.BuildingTest" name="testCalculateVolumeRaw" time="0.000"/>
  <system-out/>
  <testcase classname="JUnitTest.BuildingTest" name="testCalculateAreaRaw" time="0.000"/>
  <system-out/>
</testsuite> <!-- JUnitTest.BuildingTest -->
