<?xml version="1.0" encoding="UTF-8"?>
<!-- Generated by org.testng.reporters.JUnitReportReporter -->
<testsuite hostname="lab-44-4" failures="0" tests="9" name="JUnitTest.FloorTest" time="0.003" errors="0" timestamp="2023-01-26T14:36:54 CET" skipped="0">
  <testcase classname="JUnitTest.FloorTest" name="testCalculateArea" time="0.001"/>
  <system-out/>
  <testcase classname="JUnitTest.FloorTest" name="testCalculateLighting" time="0.001"/>
  <system-out/>
  <testcase classname="JUnitTest.FloorTest" name="testCalculateLightingRaw" time="0.000"/>
  <system-out/>
  <testcase classname="JUnitTest.FloorTest" name="testCalculateHeatingRaw" time="0.000"/>
  <system-out/>
  <testcase classname="JUnitTest.FloorTest" name="testCalculateHeating" time="0.000"/>
  <system-out/>
  <testcase classname="JUnitTest.FloorTest" name="testCalculateVolume" time="0.001"/>
  <system-out/>
  <testcase classname="JUnitTest.FloorTest" name="testCalculateVolumeRaw" time="0.000"/>
  <system-out/>
  <testcase classname="JUnitTest.FloorTest" name="testRoomsOverHeatingLimit" time="0.000"/>
  <system-out/>
  <testcase classname="JUnitTest.FloorTest" name="testCalculateAreRaw" time="0.000"/>
  <system-out/>
</testsuite> <!-- JUnitTest.FloorTest -->
